{"uid":"c6f20ce67ba22fee","name":"test_random_failure","fullName":"tests.integration.test_flaky#test_random_failure","historyId":"5c088a6eb48b548009a14429f0e37fe3","time":{"start":1751557740982,"stop":1751557740982,"duration":0},"status":"failed","statusMessage":"AssertionError: Random failure triggered (30% chance)\nassert 0.4411993333399373 < 0.3\n +  where 0.4411993333399373 = <built-in method random of Random object at 0x55ebce5439b0>()\n +    where <built-in method random of Random object at 0x55ebce5439b0> = random.random","statusTrace":"def test_random_failure():\n>       assert random.random() < 0.3, \"Random failure triggered (30% chance)\"\nE       AssertionError: Random failure triggered (30% chance)\nE       assert 0.4411993333399373 < 0.3\nE        +  where 0.4411993333399373 = <built-in method random of Random object at 0x55ebce5439b0>()\nE        +    where <built-in method random of Random object at 0x55ebce5439b0> = random.random\n\ntests/integration/test_flaky.py:7: AssertionError","flaky":false,"newFailed":false,"newBroken":false,"newPassed":false,"retriesCount":0,"retriesStatusChange":false,"beforeStages":[],"afterStages":[],"labels":[{"name":"parentSuite","value":"tests.integration"},{"name":"suite","value":"test_flaky"},{"name":"host","value":"fv-az1288-434"},{"name":"thread","value":"2517-MainThread"},{"name":"framework","value":"pytest"},{"name":"language","value":"cpython3"},{"name":"package","value":"tests.integration.test_flaky"},{"name":"resultFormat","value":"allure2"}],"parameters":[],"links":[],"hidden":false,"retry":false,"extra":{"severity":"normal","retries":[],"categories":[{"name":"Product defects","matchedStatuses":[],"flaky":false}],"tags":[]},"source":"c6f20ce67ba22fee.json","parameterValues":[]}