<?xml version="1.0" encoding="utf-8"?><testsuites name="pytest tests"><testsuite name="pytest" errors="0" failures="0" skipped="0" tests="123" time="55.149" timestamp="2025-09-04T20:14:24.104417+00:00" hostname="pkrvm7jw40e0xgp"><testcase classname="tests.unit.core.imaging.test_fft_ifft.FFTTest" name="test_fft_ifft_round_trip" time="0.004" /><testcase classname="tests.unit.distributed.image_analysis.test_multi_gaussian2d_fit.TestSuccess" name="test_two_components_with_world_coords[0.02]" time="0.636" /><testcase classname="tests.unit.distributed.image_analysis.test_multi_gaussian2d_fit.TestSuccess" name="test_two_components_with_world_coords[0.05]" time="0.640" /><testcase classname="tests.unit.distributed.image_analysis.test_multi_gaussian2d_fit.TestSuccess" name="test_vectorize_over_time_names_and_indices" time="0.152" /><testcase classname="tests.unit.distributed.image_analysis.test_multi_gaussian2d_fit.TestSuccess" name="test_flags_and_descending_world_coords" time="0.081" /><testcase classname="tests.unit.distributed.image_analysis.test_multi_gaussian2d_fit.TestSuccess" name="test_auto_seeds_when_initial_none" time="0.060" /><testcase classname="tests.unit.distributed.image_analysis.test_multi_gaussian2d_fit.TestInputs" name="test_accepts_raw_numpy_array" time="0.037" /><testcase classname="tests.unit.distributed.image_analysis.test_multi_gaussian2d_fit.TestInputs" name="test_accepts_bare_dask_array" time="0.151" /><testcase classname="tests.unit.distributed.image_analysis.test_multi_gaussian2d_fit.TestInputs" name="test_world_coords_skipped_for_bad_axis_coords" time="0.004" /><testcase classname="tests.unit.distributed.image_analysis.test_multi_gaussian2d_fit.TestBoundsDimsAPI" name="test_bounds_merge_tuple_all_and_unknown_key_ignored" time="0.001" /><testcase classname="tests.unit.distributed.image_analysis.test_multi_gaussian2d_fit.TestBoundsDimsAPI" name="test_bounds_merge_per_component_length_error" time="0.001" /><testcase classname="tests.unit.distributed.image_analysis.test_multi_gaussian2d_fit.TestBoundsDimsAPI" name="test_dims_by_index_and_error_paths" time="0.001" /><testcase classname="tests.unit.distributed.image_analysis.test_multi_gaussian2d_fit.TestBoundsDimsAPI" name="test_init_formats_and_errors" time="0.002" /><testcase classname="tests.unit.distributed.image_analysis.test_multi_gaussian2d_fit.TestOptimizerFailures" name="test_full_mask_triggers_failure_and_nan_planes" time="0.002" /><testcase classname="tests.unit.distributed.image_analysis.test_multi_gaussian2d_fit.TestOptimizerFailures" name="test_curve_fit_exception_sets_failure" time="0.002" /><testcase classname="tests.unit.distributed.image_analysis.test_multi_gaussian2d_fit.TestOptimizerFailures" name="test_curve_fit_pcov_none_sets_errors_nan" time="0.016" /><testcase classname="tests.unit.distributed.image_analysis.test_multi_gaussian2d_fit.TestOptimizerFailures" name="test_curve_fit_with_valid_pcov_sets_finite_errors" time="0.015" /><testcase classname="tests.unit.distributed.image_analysis.test_multi_gaussian2d_fit.TestOptimizerFailures" name="test_curve_fit_nonfinite_popt_triggers_not_success_nan_outputs" time="0.016" /><testcase classname="tests.unit.distributed.image_analysis.test_multi_gaussian2d_fit.TestOptimizerFailures" name="test_curve_fit_pcov_wrong_shape_sets_errors_nan_success_true" time="0.015" /><testcase classname="tests.unit.distributed.image_analysis.test_multi_gaussian2d_fit.TestInitialGuessesTopLevelListOfDicts" name="test_top_level_list_of_dicts_len_mismatch_raises" time="0.001" /><testcase classname="tests.unit.distributed.image_analysis.test_multi_gaussian2d_fit.TestInitialGuessesTopLevelListOfDicts" name="test_top_level_list_of_dicts_happy_path_parses_and_packs" time="0.002" /><testcase classname="tests.unit.distributed.image_analysis.test_multi_gaussian2d_fit.TestInitialGuessesPublicAPIWrapping" name="test_single_dict_shorthand_is_wrapped_and_used" time="0.015" /><testcase classname="tests.unit.distributed.image_analysis.test_multi_gaussian2d_fit.TestPlotHelper" name="test_plot_components_3d_with_indexer_and_no_component_dim" time="0.086" /><testcase classname="tests.unit.distributed.image_analysis.test_multi_gaussian2d_fit.TestPlotHelper" name="test_plot_components_defaults_indexer_for_3d_input" time="0.052" /><testcase classname="tests.unit.distributed.image_analysis.test_multi_gaussian2d_fit.TestPlotHelper" name="test_plot_components_selects_result_plane_with_default_indexer" time="0.063" /><testcase classname="tests.unit.distributed.image_analysis.test_multi_gaussian2d_fit.TestPlotHelper" name="test_plot_components_default_indexer_loops_multiple_dims" time="0.072" /><testcase classname="tests.unit.distributed.image_analysis.test_multi_gaussian2d_fit.TestPlotHelper" name="test_plot_components_else_branch_for_2d_input" time="0.001" /><testcase classname="tests.unit.distributed.image_analysis.test_multi_gaussian2d_fit.TestPlotHelper" name="test_plot_components_raises_when_result_missing_required_var" time="0.034" /><testcase classname="tests.unit.distributed.image_analysis.test_multi_gaussian2d_fit.TestPlotHelper" name="test_plot_components_fwhm_converts_from_sigma_when_fwhm_missing" time="0.033" /><testcase classname="tests.unit.distributed.image_analysis.test_multi_gaussian2d_fit.TestPlotHelper" name="test_plot_components_fwhm_warns_and_draws_without_size_when_both_missing" time="0.036" /><testcase classname="tests.unit.distributed.image_analysis.test_multi_gaussian2d_fit.TestPlotHelper" name="test_overlay_converts_fwhm_to_sigma_when_sigma_missing" time="0.011" /><testcase classname="tests.unit.distributed.image_analysis.test_multi_gaussian2d_fit.TestNumPyFitting" name="test_min_threshold_masks_pixels_partial" time="0.023" /><testcase classname="tests.unit.distributed.image_analysis.test_multi_gaussian2d_fit.TestNumPyFitting" name="test_max_threshold_masks_pixels_partial" time="0.028" /><testcase classname="tests.unit.distributed.image_analysis.test_multi_gaussian2d_fit.TestNumPyFitting" name="test_angle_pa_init_conversion_and_reporting" time="0.031" /><testcase classname="tests.unit.distributed.image_analysis.test_multi_gaussian2d_fit.TestNumPyFitting" name="test_angle_pa_init_conversion_list_of_dicts" time="0.064" /><testcase classname="tests.unit.distributed.image_analysis.test_multi_gaussian2d_fit.TestNumPyFitting" name="test_angle_pa_init_components_array_dict_converted" time="0.036" /><testcase classname="tests.unit.distributed.image_analysis.test_multi_gaussian2d_fit.TestNumPyFitting" name="test_angle_pa_init_components_list_of_dicts_converted" time="0.038" /><testcase classname="tests.unit.distributed.image_analysis.test_multi_gaussian2d_fit.TestNumPyFitting" name="test_angle_pa_list_of_dicts_missing_theta_covers_if_false_branch" time="0.052" /><testcase classname="tests.unit.distributed.image_analysis.test_multi_gaussian2d_fit.TestNumPyFitting" name="test_angle_pa_init_components_list_of_dicts_branch" time="0.061" /><testcase classname="tests.unit.distributed.image_analysis.test_multi_gaussian2d_fit.TestNumPyFitting" name="test_plot_components_uses_model_branch_and_slices_leading_dims" time="0.052" /><testcase classname="tests.unit.distributed.image_analysis.test_multi_gaussian2d_fit.TestNumPyFitting" name="test_pixel_fit_interpolates_world_centers_and_propagates_errors_ascending" time="0.025" /><testcase classname="tests.unit.distributed.image_analysis.test_multi_gaussian2d_fit.TestNumPyFitting" name="test_pixel_fit_interpolates_world_centers_descending_x" time="0.021" /><testcase classname="tests.unit.distributed.image_analysis.test_multi_gaussian2d_fit.TestAPIHelpers" name="test_init_components_array_wrong_shape_raises" time="0.001" /><testcase classname="tests.unit.distributed.image_analysis.test_multi_gaussian2d_fit.TestAPIHelpers" name="test_init_components_list_len_mismatch_raises" time="0.001" /><testcase classname="tests.unit.distributed.image_analysis.test_multi_gaussian2d_fit.TestAPIHelpers" name="test_init_components_list_happy_path_synonyms_and_theta_default" time="0.001" /><testcase classname="tests.unit.distributed.image_analysis.test_multi_gaussian2d_fit.TestAPIHelpers" name="test_init_components_list_missing_keys_raise" time="0.001" /><testcase classname="tests.unit.distributed.image_analysis.test_multi_gaussian2d_fit.TestAPIHelpers" name="test_init_components_list_happy_path_covers_224_232" time="0.001" /><testcase classname="tests.unit.distributed.image_analysis.test_multi_gaussian2d_fit.TestAPIHelpers" name="test_init_components_tuple_len_mismatch_raises" time="0.001" /><testcase classname="tests.unit.distributed.image_analysis.test_multi_gaussian2d_fit.TestAPIHelpers" name="test_init_components_tuple_happy_path_covers_224_to_232" time="0.001" /><testcase classname="tests.unit.distributed.image_analysis.test_multi_gaussian2d_fit.TestAPIHelpers" name="test_init_array_list_form_fallback_covers_234_235" time="0.001" /><testcase classname="tests.unit.distributed.image_analysis.test_multi_gaussian2d_fit.TestAPIHelpers" name="test_bounds_offset_branch_public_api" time="0.032" /><testcase classname="tests.unit.distributed.image_analysis.test_multi_gaussian2d_fit.TestAPIHelpers" name="test_bounds_per_component_list_public_api_hits_comp_idx_branch" time="0.078" /><testcase classname="tests.unit.distributed.image_analysis.test_multi_gaussian2d_fit.TestAPIHelpers" name="test_public_api_ensure_dataarray_raises_on_unsupported_type" time="0.002" /><testcase classname="tests.unit.distributed.image_analysis.test_multi_gaussian2d_fit.TestAPIHelpers" name="test_resolve_dims_raises_for_3d_without_dims" time="0.002" /><testcase classname="tests.unit.distributed.image_analysis.test_multi_gaussian2d_fit.TestAPIHelpers" name="test_public_api_n_components_must_be_positive" time="0.002" /><testcase classname="tests.unit.distributed.image_analysis.test_multi_gaussian2d_fit.TestAPIHelpers" name="test_initial_guesses_list_of_dicts_wrong_length_raises" time="0.003" /><testcase classname="tests.unit.distributed.image_analysis.test_multi_gaussian2d_fit.TestAPIHelpers" name="test_init_array_wrong_shape_hits_conv_arr_early_return_then_raises" time="0.003" /><testcase classname="tests.unit.distributed.image_analysis.test_multi_gaussian2d_fit.TestMetadataNotes" name="test_variance_explained_includes_self_documenting_note" time="0.032" /><testcase classname="tests.unit.distributed.image_analysis.test_multi_gaussian2d_fit.TestAngleEndToEndFitter" name="test_canonicalization_swaps_axes_and_rotates_theta_by_half_pi" time="0.035" /><testcase classname="tests.unit.distributed.image_analysis.test_multi_gaussian2d_fit.TestAngleEndToEndFitter" name="test_canonicalization_wraps_theta_into_half_pi_interval" time="0.052" /><testcase classname="tests.unit.distributed.image_analysis.test_multi_gaussian2d_fit.TestAngleEndToEndFitter" name="test_theta_math_pa_relation_pixel_right_and_left_handed" time="0.303" /><testcase classname="tests.unit.distributed.image_analysis.test_multi_gaussian2d_fit.TestInnerPrepCoverage" name="test_inner_prep_lines_executed" time="0.017" /><testcase classname="tests.unit.distributed.image_analysis.test_multi_gaussian2d_fit.TestCoordsForNdarrayInput" name="test_coords_validation_and_success" time="0.002" /><testcase classname="tests.unit.distributed.image_analysis.test_multi_gaussian2d_fit.TestCoordsForNdarrayInput" name="test_numpy_input_coords_tuple_happy_path_returns_y1d_x1d" time="0.001" /><testcase classname="tests.unit.distributed.image_analysis.test_multi_gaussian2d_fit.TestCoordsForNdarrayInput" name="test_numpy_input_coords_tuple_wrong_lengths_raise" time="0.001" /><testcase classname="tests.unit.distributed.image_analysis.test_multi_gaussian2d_fit.TestResultMetadataVersion" name="test_version_fallback_reads_package_dunder" time="0.021" /><testcase classname="tests.unit.distributed.image_analysis.test_multi_gaussian2d_fit.TestResultMetadataVersion" name="test_version_fallback_unknown_when_no_dunder" time="0.020" /><testcase classname="tests.unit.distributed.image_analysis.test_multi_gaussian2d_fit.TestBoundsFwhmMapping" name="test_fwhm_major_list_of_tuples_maps_to_sigma_x_per_component" time="0.014" /><testcase classname="tests.unit.distributed.image_analysis.test_multi_gaussian2d_fit.TestBoundsFwhmMapping" name="test_fwhm_minor_single_tuple_maps_to_sigma_y_tuple" time="0.014" /><testcase classname="tests.unit.distributed.image_analysis.test_multi_gaussian2d_fit.TestInitialGuessesFwhmMinorMappingPublicAPI" name="test_components_list_of_dicts_maps_fwhm_minor_to_sigma_y_in_p0" time="0.014" /><testcase classname="tests.unit.distributed.image_analysis.test_multi_gaussian2d_fit.TestAutoSeedingPixelPublicAPI" name="test_auto_seed_pixel_public_api" time="0.043" /><testcase classname="tests.unit.distributed.image_analysis.test_multi_gaussian2d_fit.TestAutoSeedingPixelElsePublicAPI" name="test_auto_seeding_pixel_else_path_public_api" time="0.019" /><testcase classname="tests.unit.distributed.image_analysis.test_multi_gaussian2d_fit.TestResultMetadataShortener" name="test_coords_repr_truncated_when_shape_property_raises" time="0.017" /><testcase classname="tests.unit.distributed.image_analysis.test_multi_gaussian2d_fit.TestWorldSeeding" name="test_autoseed_uses_world_axes_and_recovers_params" time="0.166" /><testcase classname="tests.unit.distributed.imaging.test_feather.FeatherTest" name="test_feather" time="32.703" /><testcase classname="tests.unit.distributed.imaging.test_feather.FeatherTest" name="test_overwrite" time="1.155" /><testcase classname="tests.unit.distributed.imaging.test_feather.FeatherModelComparison" name="test_basic_stats_and_positions" time="12.212" /><testcase classname="tests.unit.distributed.imaging.test_feather.FeatherModelComparison" name="test_center_region_and_width_inference" time="0.407" /><testcase classname="tests.unit.distributed.model.test_component_models.TestAngleModes" name="test_auto_uses_math_on_right_handed_grid" time="0.014" /><testcase classname="tests.unit.distributed.model.test_component_models.TestAngleModes" name="test_auto_uses_pa_on_left_handed_grid" time="0.013" /><testcase classname="tests.unit.distributed.model.test_component_models.TestAngleModes" name="test_degrees_flag" time="0.015" /><testcase classname="tests.unit.distributed.model.test_component_models.TestMakeDisk" name="test_add_false_replaces_inside" time="0.009" /><testcase classname="tests.unit.distributed.model.test_component_models.TestMakeDisk" name="test_add_true_adds_only_inside" time="0.009" /><testcase classname="tests.unit.distributed.model.test_component_models.TestMakeDisk" name="test_output_kinds_numpy_and_dask" time="0.090" /><testcase classname="tests.unit.distributed.model.test_component_models.TestMakeDisk" name="test_param_validation" time="0.004" /><testcase classname="tests.unit.distributed.model.test_component_models.TestMakeGauss2D" name="test_add_true_adds_gaussian" time="0.012" /><testcase classname="tests.unit.distributed.model.test_component_models.TestMakeGauss2D" name="test_decreasing_x_coords_ok" time="0.008" /><testcase classname="tests.unit.distributed.model.test_component_models.TestMakeGauss2D" name="test_output_kinds" time="0.022" /><testcase classname="tests.unit.distributed.model.test_component_models.TestMakeGauss2D" name="test_peak_at_center_replacement" time="0.008" /><testcase classname="tests.unit.distributed.model.test_component_models.TestMakePtSources" name="test_add_true_adds_to_existing" time="0.003" /><testcase classname="tests.unit.distributed.model.test_component_models.TestMakePtSources" name="test_midpoint_tie_chooses_right" time="0.005" /><testcase classname="tests.unit.distributed.model.test_component_models.TestMakePtSources" name="test_output_kinds_numpy_and_dask" time="0.010" /><testcase classname="tests.unit.distributed.model.test_component_models.TestMakePtSources" name="test_requires_equal_lengths" time="0.001" /><testcase classname="tests.unit.distributed.model.test_component_models.TestMakePtSources" name="test_sum_duplicates" time="0.003" /><testcase classname="tests.unit.distributed.model.test_component_models.TestCoerceToXda" name="test_length_mismatch" time="0.001" /><testcase classname="tests.unit.distributed.model.test_component_models.TestCoerceToXda" name="test_missing_coord_keys" time="0.001" /><testcase classname="tests.unit.distributed.model.test_component_models.TestCoerceToXda" name="test_rejects_non_2d_numpy" time="0.001" /><testcase classname="tests.unit.distributed.model.test_component_models.TestCoerceToXda" name="test_rejects_unsupported_type" time="0.001" /><testcase classname="tests.unit.distributed.model.test_component_models.TestCoerceToXda" name="test_requires_coords_for_raw_arrays" time="0.001" /><testcase classname="tests.unit.distributed.model.test_component_models.TestInferHandedness" name="test_non_monotonic_x_raises" time="0.001" /><testcase classname="tests.unit.distributed.model.test_component_models.TestInferHandedness" name="test_non_monotonic_y_raises" time="0.001" /><testcase classname="tests.unit.distributed.model.test_component_models.TestInferHandedness" name="test_requires_len_ge_2" time="0.001" /><testcase classname="tests.unit.distributed.model.test_component_models.TestNearestOutOfRangePolicies" name="test_clip_clamps" time="0.001" /><testcase classname="tests.unit.distributed.model.test_component_models.TestNearestOutOfRangePolicies" name="test_error_policy_raises" time="0.001" /><testcase classname="tests.unit.distributed.model.test_component_models.TestNearestOutOfRangePolicies" name="test_ignore_returns_mask" time="0.002" /><testcase classname="tests.unit.distributed.model.test_component_models.TestNearestOutOfRangePolicies" name="test_ignore_sloppy_keeps_half_pixel" time="0.002" /><testcase classname="tests.unit.distributed.model.test_component_models.TestFinalizeOutput" name="test_invalid_output_kind_raises" time="0.002" /><testcase classname="tests.unit.distributed.model.test_component_models.TestParamValidation" name="test_make_disk_param_validation" time="0.002" /><testcase classname="tests.unit.distributed.model.test_component_models.TestParamValidation" name="test_make_gauss2d_param_validation" time="0.006" /><testcase classname="tests.unit.distributed.model.test_component_models.TestNearestIndicesEdgeCases" name="test_coord_vals_length_at_least_one" time="0.001" /><testcase classname="tests.unit.distributed.model.test_component_models.TestNearestIndicesEdgeCases" name="test_coord_vals_must_be_1d" time="0.001" /><testcase classname="tests.unit.distributed.model.test_component_models.TestNearestIndicesEdgeCases" name="test_coord_vals_strictly_monotonic" time="0.001" /><testcase classname="tests.unit.distributed.model.test_component_models.TestNearestIndicesEdgeCases" name="test_descending_branch_maps_back" time="0.001" /><testcase classname="tests.unit.distributed.model.test_component_models.TestNearestIndicesEdgeCases" name="test_invalid_out_of_range_value_raises" time="0.001" /><testcase classname="tests.unit.distributed.model.test_component_models.TestFinalizeOutputMatchDispatch" name="test_dask_to_numpy_compute_line" time="0.004" /><testcase classname="tests.unit.distributed.model.test_component_models.TestFinalizeOutputMatchDispatch" name="test_match_with_dask" time="0.002" /><testcase classname="tests.unit.distributed.model.test_component_models.TestFinalizeOutputMatchDispatch" name="test_match_with_dataarray" time="0.002" /><testcase classname="tests.unit.distributed.model.test_component_models.TestFinalizeOutputMatchDispatch" name="test_match_with_numpy" time="0.001" /><testcase classname="tests.unit.distributed.model.test_component_models.TestFinalizeOutputMatchDispatch" name="test_numpy_to_dask_wrap_line" time="0.002" /><testcase classname="tests.unit.distributed.model.test_component_models.TestNearestIndicesSizeOneCompletion" name="test_clip_with_mask_size_one" time="0.001" /><testcase classname="tests.unit.distributed.model.test_component_models.TestNearestIndicesSizeOneCompletion" name="test_ignore_plain_return_no_mask" time="0.001" /><testcase classname="tests.unit.distributed.model.test_component_models.TestNearestIndicesSizeOneCompletion" name="test_ignore_sloppy_size_one_validity" time="0.001" /><testcase classname="tests.unit.distributed.model.test_component_models.TestMakePtSourcesEarlyExit" name="test_all_out_of_range_early_exit" time="0.005" /></testsuite></testsuites>