<?xml version="1.0" encoding="utf-8"?><testsuites name="pytest tests"><testsuite name="pytest" errors="0" failures="0" skipped="0" tests="21" time="58.041" timestamp="2025-09-04T20:11:22.444690+00:00" hostname="pkrvm7jw40e0xgp"><testcase classname="tests.test_client.TestToolViperClient" name="test_client_spawn" time="1.417" /><testcase classname="tests.test_client.TestToolViperClient" name="test_client_get" time="0.857" /><testcase classname="tests.test_client.TestToolViperClient" name="test_cluster_get" time="0.857" /><testcase classname="tests.test_client.TestToolViperClient" name="test_client_thread_info" time="0.854" /><testcase classname="tests.test_client.TestToolViperClient" name="test_client_dask_dir" time="0.001" /><testcase classname="tests.test_client.TestToolViperClient" name="test_client_logger" time="0.001" /><testcase classname="tests.test_client.TestToolViperClient" name="test_load_libraries" time="0.001" /><testcase classname="tests.test_client.TestToolViperClient" name="test__set_up_dask" time="0.001" /><testcase classname="tests.test_download.TestToolViperDownload" name="test_download_verification" time="9.350" /><testcase classname="tests.test_download.TestToolViperDownload" name="test_download_folder" time="9.250" /><testcase classname="tests.test_download.TestToolViperDownload" name="test_download_overwrite" time="15.068" /><testcase classname="tests.test_download.TestToolViperDownload" name="test_download_decompress" time="7.491" /><testcase classname="tests.test_download.TestToolViperDownload" name="test_update" time="1.734" /><testcase classname="tests.test_download.TestToolViperDownload" name="test_get_file_size" time="6.992" /><testcase classname="tests.test_download.TestToolViperDownload" name="test_private_print_file_queue" time="0.917" /><testcase classname="tests.test_download.TestToolViperDownload" name="test_private_make_dir" time="0.845" /><testcase classname="tests.test_menerva.TestToolViperMenerva" name="test_thread_info" time="0.854" /><testcase classname="tests.test_tools.TestToolViperTools" name="test_open_json" time="0.067" /><testcase classname="tests.test_tools.TestToolViperTools" name="test_private_iter_files" time="0.005" /><testcase classname="tests.test_tools.TestToolViperTools" name="test_verify" time="0.001" /><testcase classname="tests.test_tools.TestToolViperTools" name="test_calculate_checksum" time="0.940" /></testsuite></testsuites>