<?xml version="1.0" encoding="utf-8"?><testsuites name="pytest tests"><testsuite name="pytest" errors="0" failures="0" skipped="1" tests="6" time="0.037" timestamp="2025-09-04T20:11:14.411922+00:00" hostname="pkrvm7jw40e0xgp"><testcase classname="tests.integration.test_basic_xradio.TestBasicXradio" name="test_simple" time="0.001" /><testcase classname="tests.integration.test_basic_xradio.TestBasicXradio" name="test_simple_string" time="0.001" /><testcase classname="tests.integration.test_basic_xradio.TestBasicXradio" name="test_invalid_sel" time="0.001" /><testcase classname="tests.integration.test_flaky" name="test_random_failure" time="0.000" /><testcase classname="tests.integration.test_flaky" name="test_random_segfault" time="0.000" /><testcase classname="tests.integration.test_flaky" name="test_skipped_feature" time="0.000"><skipped type="pytest.skip" message="Randomly Skipped">/home/runner/work/testviper/testviper/tests/integration/test_flaky.py:17: Randomly Skipped</skipped></testcase></testsuite></testsuites>