INFO     viperlog:parameter.py:227 Module path: [38;2;50;50;205m/home/runner/work/testviper/testviper/src/toolviper[0m
WARNING  viperlog:logger.py:109 It is recommended that the local cache directory be set using the [38;2;50;50;205mdask_local_dir[0m parameter.
INFO     distributed.scheduler:scheduler.py:1766 State start
INFO     distributed.scheduler:scheduler.py:4282   Scheduler at:     tcp://127.0.0.1:39113
INFO     distributed.scheduler:scheduler.py:4297   dashboard at:  http://127.0.0.1:33943/status
INFO     distributed.scheduler:scheduler.py:8177 Registering Worker plugin shuffle
INFO     distributed.nanny:nanny.py:368         Start Nanny at: 'tcp://127.0.0.1:37187'
INFO     distributed.nanny:nanny.py:368         Start Nanny at: 'tcp://127.0.0.1:33777'
INFO     distributed.scheduler:scheduler.py:4635 Register worker addr: tcp://127.0.0.1:44213 name: 1
INFO     distributed.scheduler:scheduler.py:6224 Starting worker compute stream, tcp://127.0.0.1:44213
INFO     distributed.core:core.py:883 Starting established connection to tcp://127.0.0.1:40256
INFO     distributed.scheduler:scheduler.py:4635 Register worker addr: tcp://127.0.0.1:45807 name: 0
INFO     distributed.scheduler:scheduler.py:6224 Starting worker compute stream, tcp://127.0.0.1:45807
INFO     distributed.core:core.py:883 Starting established connection to tcp://127.0.0.1:40272
INFO     distributed.scheduler:scheduler.py:1766 State start
INFO     distributed.scheduler:scheduler.py:4282   Scheduler at:     tcp://127.0.0.1:34707
INFO     distributed.scheduler:scheduler.py:4297   dashboard at:  http://127.0.0.1:33553/status
INFO     distributed.scheduler:scheduler.py:8177 Registering Worker plugin shuffle
INFO     distributed.nanny:nanny.py:368         Start Nanny at: 'tcp://127.0.0.1:32977'
INFO     distributed.nanny:nanny.py:368         Start Nanny at: 'tcp://127.0.0.1:45589'
INFO     distributed.nanny:nanny.py:368         Start Nanny at: 'tcp://127.0.0.1:45233'
INFO     distributed.nanny:nanny.py:368         Start Nanny at: 'tcp://127.0.0.1:33823'
INFO     distributed.scheduler:scheduler.py:4635 Register worker addr: tcp://127.0.0.1:37437 name: 0
INFO     distributed.scheduler:scheduler.py:6224 Starting worker compute stream, tcp://127.0.0.1:37437
INFO     distributed.core:core.py:883 Starting established connection to tcp://127.0.0.1:37700
INFO     distributed.scheduler:scheduler.py:4635 Register worker addr: tcp://127.0.0.1:38725 name: 1
INFO     distributed.scheduler:scheduler.py:6224 Starting worker compute stream, tcp://127.0.0.1:38725
INFO     distributed.core:core.py:883 Starting established connection to tcp://127.0.0.1:37714
INFO     distributed.scheduler:scheduler.py:4635 Register worker addr: tcp://127.0.0.1:35727 name: 2
INFO     distributed.scheduler:scheduler.py:6224 Starting worker compute stream, tcp://127.0.0.1:35727
INFO     distributed.core:core.py:883 Starting established connection to tcp://127.0.0.1:37724
INFO     distributed.scheduler:scheduler.py:4635 Register worker addr: tcp://127.0.0.1:38863 name: 3
INFO     distributed.scheduler:scheduler.py:6224 Starting worker compute stream, tcp://127.0.0.1:38863
INFO     distributed.core:core.py:883 Starting established connection to tcp://127.0.0.1:37726
INFO     distributed.scheduler:scheduler.py:5959 Receive client connection: MenrvaClient-25648491-5650-11f0-8966-6045bd7f8793
INFO     distributed.core:core.py:883 Starting established connection to tcp://127.0.0.1:37728
INFO     distributed.scheduler:scheduler.py:8177 Registering Worker plugin worker_logger
INFO     viperlog:logger.py:55 Client <MenrvaClient: 'tcp://127.0.0.1:34707' processes=4 threads=4, memory=15.62 GiB>
INFO     distributed.scheduler:scheduler.py:7610 Retire worker addresses (stimulus_id='retire-workers-1751356270.5713894') (0, 1, 2, 3)
INFO     distributed.nanny:nanny.py:611 Closing Nanny at 'tcp://127.0.0.1:32977'. Reason: nanny-close
INFO     distributed.nanny:nanny.py:858 Nanny asking worker to close. Reason: nanny-close
INFO     distributed.nanny:nanny.py:611 Closing Nanny at 'tcp://127.0.0.1:45589'. Reason: nanny-close
INFO     distributed.nanny:nanny.py:858 Nanny asking worker to close. Reason: nanny-close
INFO     distributed.nanny:nanny.py:611 Closing Nanny at 'tcp://127.0.0.1:45233'. Reason: nanny-close
INFO     distributed.nanny:nanny.py:858 Nanny asking worker to close. Reason: nanny-close
INFO     distributed.nanny:nanny.py:611 Closing Nanny at 'tcp://127.0.0.1:33823'. Reason: nanny-close
INFO     distributed.nanny:nanny.py:858 Nanny asking worker to close. Reason: nanny-close
INFO     distributed.core:core.py:908 Received 'close-stream' from tcp://127.0.0.1:37714; closing.
INFO     distributed.core:core.py:908 Received 'close-stream' from tcp://127.0.0.1:37700; closing.
INFO     distributed.scheduler:scheduler.py:5445 Remove worker addr: tcp://127.0.0.1:38725 name: 1 (stimulus_id='handle-worker-cleanup-1751356270.5777168')
INFO     distributed.scheduler:scheduler.py:5445 Remove worker addr: tcp://127.0.0.1:37437 name: 0 (stimulus_id='handle-worker-cleanup-1751356270.5783775')
INFO     distributed.core:core.py:908 Received 'close-stream' from tcp://127.0.0.1:37726; closing.
INFO     distributed.scheduler:scheduler.py:5445 Remove worker addr: tcp://127.0.0.1:38863 name: 3 (stimulus_id='handle-worker-cleanup-1751356270.580565')
INFO     distributed.batched:batched.py:122 Batched Comm Closed <TCP (closed) Scheduler connection to worker local=tcp://127.0.0.1:34707 remote=tcp://127.0.0.1:37726>
Traceback (most recent call last):
  File "/opt/hostedtoolcache/Python/3.12.11/x64/lib/python3.12/site-packages/distributed/comm/tcp.py", line 298, in write
    raise StreamClosedError()
tornado.iostream.StreamClosedError: Stream is closed

The above exception was the direct cause of the following exception:

Traceback (most recent call last):
  File "/opt/hostedtoolcache/Python/3.12.11/x64/lib/python3.12/site-packages/distributed/batched.py", line 115, in _background_send
    nbytes = yield coro
             ^^^^^^^^^^
  File "/opt/hostedtoolcache/Python/3.12.11/x64/lib/python3.12/site-packages/tornado/gen.py", line 769, in run
    value = future.result()
            ^^^^^^^^^^^^^^^
  File "/opt/hostedtoolcache/Python/3.12.11/x64/lib/python3.12/site-packages/distributed/comm/tcp.py", line 308, in write
    convert_stream_closed_error(self, e)
  File "/opt/hostedtoolcache/Python/3.12.11/x64/lib/python3.12/site-packages/distributed/comm/tcp.py", line 137, in convert_stream_closed_error
    raise CommClosedError(f"in {obj}: {exc}") from exc
distributed.comm.core.CommClosedError: in <TCP (closed) Scheduler connection to worker local=tcp://127.0.0.1:34707 remote=tcp://127.0.0.1:37726>: Stream is closed
INFO     distributed.core:core.py:908 Received 'close-stream' from tcp://127.0.0.1:37724; closing.
INFO     distributed.scheduler:scheduler.py:5445 Remove worker addr: tcp://127.0.0.1:35727 name: 2 (stimulus_id='handle-worker-cleanup-1751356270.5871356')
INFO     distributed.scheduler:scheduler.py:5583 Lost all workers
INFO     distributed.nanny:nanny.py:626 Nanny at 'tcp://127.0.0.1:33823' closed.
INFO     distributed.nanny:nanny.py:626 Nanny at 'tcp://127.0.0.1:45589' closed.
INFO     distributed.nanny:nanny.py:626 Nanny at 'tcp://127.0.0.1:32977' closed.
INFO     distributed.nanny:nanny.py:626 Nanny at 'tcp://127.0.0.1:45233' closed.
INFO     distributed.scheduler:scheduler.py:4344 Closing scheduler. Reason: unknown
INFO     distributed.scheduler:scheduler.py:4372 Scheduler closing all comms