<?xml version="1.0" encoding="utf-8"?><testsuites name="pytest tests"><testsuite name="pytest" errors="0" failures="0" skipped="0" tests="232" time="94.314" timestamp="2025-09-04T20:12:25.019945+00:00" hostname="pkrvm7jw40e0xgp"><testcase classname="tests.unit.measurement_set._utils._msv2._tables.test_read" name="test_table_exists[ms_minimal_required-True]" time="0.108" /><testcase classname="tests.unit.measurement_set._utils._msv2._tables.test_read" name="test_table_exists[ms_tab_nonexistent-False]" time="0.001" /><testcase classname="tests.unit.measurement_set._utils._msv2._tables.test_read" name="test_table_exists[generic_antenna_xds_min-False]" time="0.005" /><testcase classname="tests.unit.measurement_set._utils._msv2._tables.test_read" name="test_table_has_column[ms_minimal_required-TIME-True]" time="0.002" /><testcase classname="tests.unit.measurement_set._utils._msv2._tables.test_read" name="test_table_has_column[ms_minimal_required-WEIGHT_SPECTRUM-False]" time="0.002" /><testcase classname="tests.unit.measurement_set._utils._msv2._tables.test_read" name="test_table_has_column[ms_minimal_required-WEIGHT-True]" time="0.002" /><testcase classname="tests.unit.measurement_set._utils._msv2._tables.test_read" name="test_table_has_column[ms_minimal_required-DATA-True]" time="0.002" /><testcase classname="tests.unit.measurement_set._utils._msv2._tables.test_read" name="test_table_has_column[ms_minimal_required-TIME_CENTROID-True]" time="0.002" /><testcase classname="tests.unit.measurement_set._utils._msv2._tables.test_read" name="test_table_has_column[ms_minimal_required-FOO_INEXISTENT-False]" time="0.002" /><testcase classname="tests.unit.measurement_set._utils._msv2._tables.test_read" name="test_table_has_column_raises[ms_tab_nonexistent-DATA-expected_raises0]" time="0.001" /><testcase classname="tests.unit.measurement_set._utils._msv2._tables.test_read" name="test_table_has_column_raises[ms_tab_nonexistent-ANY-expected_raises1]" time="0.001" /><testcase classname="tests.unit.measurement_set._utils._msv2._tables.test_read" name="test_table_has_column_raises[generic_antenna_xds_min-TIME-expected_raises2]" time="0.001" /><testcase classname="tests.unit.measurement_set._utils._msv2._tables.test_read" name="test_table_has_column_raises[generic_source_xds_min-ANTENNA1-expected_raises3]" time="0.014" /><testcase classname="tests.unit.measurement_set._utils._msv2._tables.test_read" name="test_convert_casacore_time[times0-True-expected_result0]" time="0.003" /><testcase classname="tests.unit.measurement_set._utils._msv2._tables.test_read" name="test_convert_casacore_time[times1-True-expected_result1]" time="0.002" /><testcase classname="tests.unit.measurement_set._utils._msv2._tables.test_read" name="test_convert_casacore_time[times2-True-expected_result2]" time="0.002" /><testcase classname="tests.unit.measurement_set._utils._msv2._tables.test_read" name="test_convert_casacore_time[times3-True-expected_result3]" time="0.002" /><testcase classname="tests.unit.measurement_set._utils._msv2._tables.test_read" name="test_convert_casacore_time[times4-False-expected_result4]" time="0.002" /><testcase classname="tests.unit.measurement_set._utils._msv2._tables.test_read" name="test_convert_casacore_time[times5-False-expected_result5]" time="0.001" /><testcase classname="tests.unit.measurement_set._utils._msv2._tables.test_read" name="test_convert_casacore_time[times6-False-expected_result6]" time="0.002" /><testcase classname="tests.unit.measurement_set._utils._msv2._tables.test_read" name="test_convert_casacore_time[times7-False-expected_result7]" time="0.002" /><testcase classname="tests.unit.measurement_set._utils._msv2._tables.test_read" name="test_convert_mjd_time[times0-expected_result0]" time="0.002" /><testcase classname="tests.unit.measurement_set._utils._msv2._tables.test_read" name="test_convert_mjd_time[times1-expected_result1]" time="0.002" /><testcase classname="tests.unit.measurement_set._utils._msv2._tables.test_read" name="test_convert_mjd_time[times2-expected_result2]" time="0.002" /><testcase classname="tests.unit.measurement_set._utils._msv2._tables.test_read" name="test_convert_casacore_time_to_mjd[times0-expected_result0]" time="0.001" /><testcase classname="tests.unit.measurement_set._utils._msv2._tables.test_read" name="test_convert_casacore_time_to_mjd[times1-expected_result1]" time="0.001" /><testcase classname="tests.unit.measurement_set._utils._msv2._tables.test_read" name="test_extract_table_attributes_main" time="0.003" /><testcase classname="tests.unit.measurement_set._utils._msv2._tables.test_read" name="test_find_projected_min_max_table[in_min_max0-expected_result0]" time="0.002" /><testcase classname="tests.unit.measurement_set._utils._msv2._tables.test_read" name="test_find_projected_min_max_table[in_min_max1-expected_result1]" time="0.002" /><testcase classname="tests.unit.measurement_set._utils._msv2._tables.test_read" name="test_find_projected_min_max_array[in_min_max0-in_array0-expected_result0]" time="0.002" /><testcase classname="tests.unit.measurement_set._utils._msv2._tables.test_read" name="test_find_projected_min_max_array[in_min_max1-in_array1-expected_result1]" time="0.001" /><testcase classname="tests.unit.measurement_set._utils._msv2._tables.test_read" name="test_find_projected_min_max_array[in_min_max2-in_array2-expected_result2]" time="0.001" /><testcase classname="tests.unit.measurement_set._utils._msv2._tables.test_read" name="test_find_projected_min_max_array[in_min_max3-in_array3-expected_result3]" time="0.001" /><testcase classname="tests.unit.measurement_set._utils._msv2._tables.test_read" name="test_find_projected_min_max_array[in_min_max4-in_array4-expected_result4]" time="0.001" /><testcase classname="tests.unit.measurement_set._utils._msv2._tables.test_read" name="test_find_projected_min_max_array[in_min_max5-in_array5-expected_result5]" time="0.002" /><testcase classname="tests.unit.measurement_set._utils._msv2._tables.test_read" name="test_find_projected_min_max_array[in_min_max6-in_array6-expected_result6]" time="0.001" /><testcase classname="tests.unit.measurement_set._utils._msv2._tables.test_read" name="test_find_projected_min_max_array[in_min_max7-in_array7-expected_result7]" time="0.001" /><testcase classname="tests.unit.measurement_set._utils._msv2._tables.test_read" name="test_find_projected_min_max_array[in_min_max8-in_array8-expected_result8]" time="0.002" /><testcase classname="tests.unit.measurement_set._utils._msv2._tables.test_read" name="test_find_projected_min_max_array[in_min_max9-in_array9-expected_result9]" time="0.002" /><testcase classname="tests.unit.measurement_set._utils._msv2._tables.test_read" name="test_find_projected_min_max_array[in_min_max10-in_array10-expected_result10]" time="0.002" /><testcase classname="tests.unit.measurement_set._utils._msv2._tables.test_read" name="test_find_projected_min_max_array[in_min_max11-in_array11-expected_result11]" time="0.002" /><testcase classname="tests.unit.measurement_set._utils._msv2._tables.test_read" name="test_find_projected_min_max_array[in_min_max12-in_array12-expected_result12]" time="0.002" /><testcase classname="tests.unit.measurement_set._utils._msv2._tables.test_read" name="test_find_projected_min_max_array[in_min_max13-in_array13-expected_result13]" time="0.001" /><testcase classname="tests.unit.measurement_set._utils._msv2._tables.test_read" name="test_find_projected_min_max_array[in_min_max14-in_array14-expected_result14]" time="0.002" /><testcase classname="tests.unit.measurement_set._utils._msv2._tables.test_read" name="test_make_taql_where_between_min_max_empty" time="0.027" /><testcase classname="tests.unit.measurement_set._utils._msv2._tables.test_read" name="test_make_taql_where_between_min_max[in_min_max0-where TIME &gt;= -8.881784197001252e-16 AND TIME &lt;= 2000000000.0]" time="0.002" /><testcase classname="tests.unit.measurement_set._utils._msv2._tables.test_read" name="test_make_taql_where_between_min_max[in_min_max1-where TIME &gt;= -8.881784197001252e-16 AND TIME &lt;= 3000000000.0]" time="0.002" /><testcase classname="tests.unit.measurement_set._utils._msv2._tables.test_read" name="test_extract_table_attributes_ant" time="0.001" /><testcase classname="tests.unit.measurement_set._utils._msv2._tables.test_read" name="test_add_units_measures" time="0.806" /><testcase classname="tests.unit.measurement_set._utils._msv2._tables.test_read" name="test_add_units_measures_dubious_units" time="0.009" /><testcase classname="tests.unit.measurement_set._utils._msv2._tables.test_read" name="test_get_pad_value_in_tablerow_column" time="0.001" /><testcase classname="tests.unit.measurement_set._utils._msv2._tables.test_read" name="test_get_pad_value_uvw" time="0.001" /><testcase classname="tests.unit.measurement_set._utils._msv2._tables.test_read" name="test_get_pad_value_n_polynomial" time="0.001" /><testcase classname="tests.unit.measurement_set._utils._msv2._tables.test_read" name="test_get_pad_value_baseline_id" time="0.001" /><testcase classname="tests.unit.measurement_set._utils._msv2._tables.test_read" name="test_redimension_ms_subtable_source" time="0.001" /><testcase classname="tests.unit.measurement_set._utils._msv2._tables.test_read" name="test_redimension_ms_subtable_phase_cal" time="0.010" /><testcase classname="tests.unit.measurement_set._utils._msv2._tables.test_read" name="test_is_ephem_subtable_ms" time="0.000" /><testcase classname="tests.unit.measurement_set._utils._msv2._tables.test_read" name="test_add_ephemeris_vars" time="0.002" /><testcase classname="tests.unit.measurement_set._utils._msv2._tables.test_read" name="test_is_nested_ms_empty" time="0.001" /><testcase classname="tests.unit.measurement_set._utils._msv2._tables.test_read" name="test_is_nested_ms_ant" time="0.003" /><testcase classname="tests.unit.measurement_set._utils._msv2._tables.test_read" name="test_is_nested_ms_ms_min" time="0.002" /><testcase classname="tests.unit.measurement_set._utils._msv2._tables.test_read" name="test_load_generic_table_antenna" time="0.096" /><testcase classname="tests.unit.measurement_set._utils._msv2._tables.test_read" name="test_load_generic_table_feed" time="0.010" /><testcase classname="tests.unit.measurement_set._utils._msv2._tables.test_read" name="test_load_generic_table_polarization" time="0.003" /><testcase classname="tests.unit.measurement_set._utils._msv2._tables.test_read" name="test_load_generic_table_source[ms_minimal_required-expected_additional_columns0]" time="0.011" /><testcase classname="tests.unit.measurement_set._utils._msv2._tables.test_read" name="test_load_generic_table_source[ms_minimal_misbehaved-expected_additional_columns1]" time="0.081" /><testcase classname="tests.unit.measurement_set._utils._msv2._tables.test_read" name="test_load_generic_table_state" time="0.003" /><testcase classname="tests.unit.measurement_set._utils._msv2._tables.test_read" name="test_load_generic_table_pointing" time="0.008" /><testcase classname="tests.unit.measurement_set._utils._msv2._tables.test_read" name="test_load_generic_table_ephem" time="0.010" /><testcase classname="tests.unit.measurement_set._utils._msv2._tables.test_read" name="test_load_generic_table_weather" time="0.021" /><testcase classname="tests.unit.measurement_set._utils._msv2._tables.test_read" name="test_load_generic_cols_state" time="0.002" /><testcase classname="tests.unit.measurement_set._utils._msv2._tables.test_read" name="test_load_generic_cols_spw" time="0.002" /><testcase classname="tests.unit.measurement_set._utils._msv2._tables.test_read" name="test_read_flat_col_chunk_time" time="0.001" /><testcase classname="tests.unit.measurement_set._utils._msv2._tables.test_read" name="test_read_flat_col_chunk_sigma" time="0.001" /><testcase classname="tests.unit.measurement_set._utils._msv2._tables.test_read" name="test_read_flat_col_chunk_flag" time="0.001" /><testcase classname="tests.unit.measurement_set._utils._msv2._tables.test_read" name="test_read_col_conversion_dask" time="0.003" /><testcase classname="tests.unit.measurement_set._utils._msv2._tables.test_read_main_table" name="test_get_utimes_tol[-expected_output0]" time="0.003" /><testcase classname="tests.unit.measurement_set._utils._msv2._tables.test_read_main_table" name="test_get_utimes_tol[where DATA_DESC_ID = 0 AND SCAN_NUMBER = 1 AND STATE_ID = 0-expected_output1]" time="0.004" /><testcase classname="tests.unit.measurement_set._utils._msv2._tables.test_read_main_table" name="test_get_utimes_tol[where DATA_DESC_ID IN [0,1] AND SCAN_NUMBER = 1 AND STATE_ID = 0-expected_output2]" time="0.005" /><testcase classname="tests.unit.measurement_set._utils._msv2._tables.test_read_main_table" name="test_get_utimes_tol[where DATA_DESC_ID IN [0,1,2] AND SCAN_NUMBER = 1 AND STATE_ID = 0-expected_output3]" time="0.006" /><testcase classname="tests.unit.measurement_set._utils._msv2._tables.test_read_main_table" name="test_get_utimes_tol[where DATA_DESC_ID IN [0,1,2,3] AND SCAN_NUMBER = 1 AND STATE_ID = 0-expected_output4]" time="0.003" /><testcase classname="tests.unit.measurement_set._utils._msv2._tables.test_read_main_table" name="test_get_utimes_tol[where DATA_DESC_ID IN [0,1,2,3,4] AND SCAN_NUMBER = 1 AND STATE_ID = 0-expected_output5]" time="0.003" /><testcase classname="tests.unit.measurement_set._utils._msv2._tables.test_read_main_table" name="test_get_utimes_tol[where DATA_DESC_ID = 0 AND SCAN_NUMBER = 1 AND STATE_ID = 1-expected_output6]" time="0.002" /><testcase classname="tests.unit.measurement_set._utils._msv2._tables.test_read_main_table" name="test_get_utimes_tol[where DATA_DESC_ID IN [0,1] AND SCAN_NUMBER = 1 AND STATE_ID = 1-expected_output7]" time="0.002" /><testcase classname="tests.unit.measurement_set._utils._msv2._tables.test_read_main_table" name="test_get_baselines[ms_empty_required-expected_output0]" time="0.002" /><testcase classname="tests.unit.measurement_set._utils._msv2._tables.test_read_main_table" name="test_get_baselines[ms_minimal_required-expected_output1]" time="0.002" /><testcase classname="tests.unit.measurement_set._utils._msv2._tables.test_read_main_table" name="test_get_baselines[ms_minimal_without_opt-expected_output2]" time="0.065" /><testcase classname="tests.unit.measurement_set._utils._msv2._tables.test_read_main_table" name="test_get_baselines_custom[ms_custom_spec0]" time="0.079" /><testcase classname="tests.unit.measurement_set._utils._msv2.test_conversion" name="test_convert_and_write_partition_custom[ms_custom_spec0]" time="0.884" /><testcase classname="tests.unit.measurement_set._utils._msv2._tables.test_read_main_table" name="test_get_baseline_indices[unique_baselines0-baselines0-expected_output0]" time="0.002" /><testcase classname="tests.unit.measurement_set._utils._msv2._tables.test_read_main_table" name="test_get_baseline_indices[unique_baselines1-baselines1-expected_output1]" time="0.002" /><testcase classname="tests.unit.measurement_set._utils._msv2._tables.test_read_main_table" name="test_get_baseline_indices[unique_baselines2-baselines2-expected_output2]" time="0.002" /><testcase classname="tests.unit.measurement_set._utils._msv2._tables.test_read_main_table" name="test_get_baseline_indices[unique_baselines3-baselines3-expected_output3]" time="0.002" /><testcase classname="tests.unit.measurement_set._utils._msv2._tables.test_read_main_table" name="test_get_baseline_indices[unique_baselines4-baselines4-expected_output4]" time="0.002" /><testcase classname="tests.unit.measurement_set._utils._msv2._tables.test_read_main_table" name="test_get_baseline_indices[unique_baselines5-baselines5-expected_output5]" time="0.002" /><testcase classname="tests.unit.measurement_set._utils._msv2.test_conversion" name="test_parse_chunksize[input_chunksize0-main-None-expected_chunksize0-expected_error0]" time="0.002" /><testcase classname="tests.unit.measurement_set._utils._msv2.test_conversion" name="test_parse_chunksize[input_chunksize1-pointing-None-expected_chunksize1-expected_error1]" time="0.002" /><testcase classname="tests.unit.measurement_set._utils._msv2.test_conversion" name="test_parse_chunksize[input_chunksize2-main-xds2-expected_chunksize2-expected_error2]" time="0.002" /><testcase classname="tests.unit.measurement_set._utils._msv2.test_conversion" name="test_parse_chunksize[input_chunksize3-main-xds3-expected_chunksize3-expected_error3]" time="0.002" /><testcase classname="tests.unit.measurement_set._utils._msv2.test_conversion" name="test_parse_chunksize[0.02-main-xds4-expected_chunksize4-expected_error4]" time="0.003" /><testcase classname="tests.unit.measurement_set._utils._msv2.test_conversion" name="test_parse_chunksize[wrong_input_chunksize-main-xds5-None-expected_error5]" time="0.002" /><testcase classname="tests.unit.measurement_set._utils._msv2.test_conversion" name="test_parse_chunksize[0.01-main-xds6-expected_chunksize6-expected_error6]" time="0.002" /><testcase classname="tests.unit.measurement_set._utils._msv2.test_conversion" name="test_parse_chunksize[0.01-main-xds7-None-expected_error7]" time="0.002" /><testcase classname="tests.unit.measurement_set._utils._msv2.test_conversion" name="test_parse_chunksize[0.0002-pointing-xds8-expected_chunksize8-expected_error8]" time="0.002" /><testcase classname="tests.unit.measurement_set._utils._msv2.test_conversion" name="test_check_chunksize[chunksize0-main-expectation0]" time="0.001" /><testcase classname="tests.unit.measurement_set._utils._msv2.test_conversion" name="test_check_chunksize[chunksize1-pointing-expectation1]" time="0.001" /><testcase classname="tests.unit.measurement_set._utils._msv2.test_conversion" name="test_check_chunksize[chunksize2-main-expectation2]" time="0.001" /><testcase classname="tests.unit.measurement_set._utils._msv2.test_conversion" name="test_check_chunksize[chunksize3-pointing-expectation3]" time="0.001" /><testcase classname="tests.unit.measurement_set._utils._msv2.test_conversion" name="test_check_chunksize[chunksize4-main-expectation4]" time="0.001" /><testcase classname="tests.unit.measurement_set._utils._msv2.test_conversion" name="test_check_chunksize[chunksize5-pointing-expectation5]" time="0.001" /><testcase classname="tests.unit.measurement_set._utils._msv2.test_conversion" name="test_mem_chunksize_to_dict[pseudo_xds0-main-expected_chunksize0-expected_error0]" time="0.002" /><testcase classname="tests.unit.measurement_set._utils._msv2.test_conversion" name="test_mem_chunksize_to_dict[pseudo_xds1-bar_wrong-expected_chunksize1-expected_error1]" time="0.002" /><testcase classname="tests.unit.measurement_set._utils._msv2.test_conversion" name="test_mem_chunksize_to_dict_main[1e-09-pseudo_xds0-expected_chunksize0-expected_error0]" time="0.002" /><testcase classname="tests.unit.measurement_set._utils._msv2.test_conversion" name="test_mem_chunksize_to_dict_main[0.9-pseudo_xds1-expected_chunksize1-expected_error1]" time="0.002" /><testcase classname="tests.unit.measurement_set._utils._msv2.test_conversion" name="test_mem_chunksize_to_dict_main[0.01-pseudo_xds2-expected_chunksize2-expected_error2]" time="0.002" /><testcase classname="tests.unit.measurement_set._utils._msv2.test_conversion" name="test_mem_chunksize_to_dict_main[0.01-pseudo_xds3-None-expected_error3]" time="0.002" /><testcase classname="tests.unit.measurement_set._utils._msv2.test_conversion" name="test_mem_chunksize_to_dict_main_balanced[0.001-dim_sizes0-expected_chunksize0]" time="0.002" /><testcase classname="tests.unit.measurement_set._utils._msv2.test_conversion" name="test_mem_chunksize_to_dict_main_balanced[0.02-dim_sizes1-expected_chunksize1]" time="0.001" /><testcase classname="tests.unit.measurement_set._utils._msv2.test_conversion" name="test_mem_chunksize_to_dict_main_balanced[0.03-dim_sizes2-expected_chunksize2]" time="0.002" /><testcase classname="tests.unit.measurement_set._utils._msv2.test_conversion" name="test_mem_chunksize_to_dict_main_balanced[0.05-dim_sizes3-expected_chunksize3]" time="0.002" /><testcase classname="tests.unit.measurement_set._utils._msv2.test_conversion" name="test_mem_chunksize_to_dict_pointing[0.1-dim_sizes0-expected_chunksize0]" time="0.002" /><testcase classname="tests.unit.measurement_set._utils._msv2.test_conversion" name="test_mem_chunksize_to_dict_pointing[0.5-dim_sizes1-expected_chunksize1]" time="0.002" /><testcase classname="tests.unit.measurement_set._utils._msv2.test_conversion" name="test_mem_chunksize_to_dict_pointing[0.5-dim_sizes2-expected_chunksize2]" time="0.001" /><testcase classname="tests.unit.measurement_set._utils._msv2.test_conversion" name="test_itemsize_spec" time="0.000" /><testcase classname="tests.unit.measurement_set._utils._msv2.test_conversion" name="test_itemsize_pointing_spec" time="0.000" /><testcase classname="tests.unit.measurement_set._utils._msv2.test_conversion" name="test_calc_used_gb" time="0.000" /><testcase classname="tests.unit.measurement_set._utils._msv2.test_conversion" name="test_estimate_memory_and_cores_for_partitions[test_ms_minimal_required.ms-partitions0-expected_estimate0]" time="0.001" /><testcase classname="tests.unit.measurement_set._utils._msv2.test_conversion" name="test_convert_and_write_partition_empty_complete" time="0.033" /><testcase classname="tests.unit.measurement_set._utils._msv2.test_conversion" name="test_convert_and_write_partition_empty_required" time="0.002" /><testcase classname="tests.unit.measurement_set._utils._msv2.test_conversion" name="test_convert_and_write_partition_min" time="0.508" /><testcase classname="tests.unit.measurement_set._utils._msv2.test_conversion" name="test_convert_and_write_partition_misbehaved" time="0.297" /><testcase classname="tests.unit.measurement_set._utils._msv2.test_conversion" name="test_convert_and_write_partition_with_antenna1" time="0.003" /><testcase classname="tests.unit.measurement_set._utils._msv2.test_conversion" name="test_convert_and_write_partition_without_opt" time="0.257" /><testcase classname="tests.unit.measurement_set._utils._msv2.test_create_antenna_xds" name="test_create_antenna_xds_empty" time="0.005" /><testcase classname="tests.unit.measurement_set._utils._msv2.test_create_antenna_xds" name="test_create_antenna_xds_minimal_wrong_antenna_ids" time="0.005" /><testcase classname="tests.unit.measurement_set._utils._msv2.test_create_antenna_xds" name="test_create_antenna_xds_minimal_wrong_feed_ids" time="0.013" /><testcase classname="tests.unit.measurement_set._utils._msv2.test_create_antenna_xds" name="test_create_antenna_xds_minimal" time="0.028" /><testcase classname="tests.unit.measurement_set._utils._msv2.test_create_antenna_xds" name="test_create_antenna_xds_minimal_other_telescope" time="0.026" /><testcase classname="tests.unit.measurement_set._utils._msv2.test_create_antenna_xds" name="test_create_antenna_xds_misbehaved" time="0.017" /><testcase classname="tests.unit.measurement_set._utils._msv2.test_create_antenna_xds" name="test_create_antenna_xds_without_opt" time="0.028" /><testcase classname="tests.unit.measurement_set._utils._msv2.test_create_field_and_source_xds" name="test_create_field_and_source_xds_empty" time="0.002" /><testcase classname="tests.unit.measurement_set._utils._msv2.test_create_field_and_source_xds" name="test_create_field_and_source_xds_minimal_wrong_field_ids" time="0.002" /><testcase classname="tests.unit.measurement_set._utils._msv2.test_create_field_and_source_xds" name="test_create_field_and_source_xds_minimal" time="0.073" /><testcase classname="tests.unit.measurement_set._utils._msv2.test_create_field_and_source_xds" name="test_create_field_and_source_xds_misbehaved" time="0.024" /><testcase classname="tests.unit.measurement_set._utils._msv2.test_create_field_and_source_xds" name="test_create_field_and_source_xds_without_opt" time="0.056" /><testcase classname="tests.unit.measurement_set._utils._msv2.test_create_field_and_source_xds" name="test_pad_missing_sources" time="0.004" /><testcase classname="tests.unit.measurement_set._utils._msv2.test_msv4_info_dicts" name="test_create_info_dicts_empty" time="0.004" /><testcase classname="tests.unit.measurement_set._utils._msv2.test_msv4_info_dicts" name="test_create_info_dicts" time="0.012" /><testcase classname="tests.unit.measurement_set._utils._msv2.test_msv4_sub_xdss" name="test_rename_and_interpolate_to_time_with_none_time" time="0.004" /><testcase classname="tests.unit.measurement_set._utils._msv2.test_msv4_sub_xdss" name="test_rename_and_interpolate_to_time_with_syscal_none_time" time="0.007" /><testcase classname="tests.unit.measurement_set._utils._msv2.test_msv4_sub_xdss" name="test_rename_and_interpolate_to_time_bogus" time="0.001" /><testcase classname="tests.unit.measurement_set._utils._msv2.test_msv4_sub_xdss" name="test_rename_and_interpoalte_to_time_main" time="0.026" /><testcase classname="tests.unit.measurement_set._utils._msv2.test_msv4_sub_xdss" name="test_create_weather_xds_empty_ant_ids" time="0.001" /><testcase classname="tests.unit.measurement_set._utils._msv2.test_msv4_sub_xdss" name="test_create_weather_xds_empty" time="0.042" /><testcase classname="tests.unit.measurement_set._utils._msv2.test_msv4_sub_xdss" name="test_create_weather_xds_min" time="0.038" /><testcase classname="tests.unit.measurement_set._utils._msv2.test_msv4_sub_xdss" name="test_create_weather_xds_misbehaved" time="0.034" /><testcase classname="tests.unit.measurement_set._utils._msv2.test_msv4_sub_xdss" name="test_create_weather_xds_ms_without_opt_subtables" time="0.001" /><testcase classname="tests.unit.measurement_set._utils._msv2.test_msv4_sub_xdss" name="test_create_pointing_xds_empty_ant_ids" time="0.001" /><testcase classname="tests.unit.measurement_set._utils._msv2.test_msv4_sub_xdss" name="test_create_pointing_xds_empty" time="0.003" /><testcase classname="tests.unit.measurement_set._utils._msv2.test_msv4_sub_xdss" name="test_create_pointing_xds_empty_time_interp" time="0.003" /><testcase classname="tests.unit.measurement_set._utils._msv2.test_msv4_sub_xdss" name="test_create_pointing_xds_min_time_interp" time="0.017" /><testcase classname="tests.unit.measurement_set._utils._msv2.test_msv4_sub_xdss" name="test_create_pointing_xds_without_opt" time="0.017" /><testcase classname="tests.unit.measurement_set._utils._msv2.test_msv4_sub_xdss" name="test_create_system_calibration_xds_empty" time="0.004" /><testcase classname="tests.unit.measurement_set._utils._msv2.test_msv4_sub_xdss" name="test_create_system_calibration_xds_min" time="0.030" /><testcase classname="tests.unit.measurement_set._utils._msv2.test_msv4_sub_xdss" name="test_create_system_calibration_xds_without_opt" time="0.004" /><testcase classname="tests.unit.measurement_set._utils._msv2.test_optimised_functions" name="test_unique_1d[input_array0-expected_unique_array0]" time="0.002" /><testcase classname="tests.unit.measurement_set._utils._msv2.test_optimised_functions" name="test_unique_1d[input_array1-expected_unique_array1]" time="0.001" /><testcase classname="tests.unit.measurement_set._utils._msv2.test_optimised_functions" name="test_unique_1d[input_array2-expected_unique_array2]" time="0.001" /><testcase classname="tests.unit.measurement_set._utils._msv2.test_optimised_functions" name="test_pairing_function" time="0.001" /><testcase classname="tests.unit.measurement_set._utils._msv2.test_optimised_functions" name="test_inverse_pairing_function" time="0.001" /><testcase classname="tests.unit.measurement_set._utils._msv2.test_partition_queries" name="test_create_partitions_ms_empty" time="0.005" /><testcase classname="tests.unit.measurement_set._utils._msv2.test_partition_queries" name="test_create_paritions_ms_min" time="0.023" /><testcase classname="tests.unit.measurement_set._utils._msv2.test_partition_queries" name="test_create_partitions_ms_min_with_field" time="0.022" /><testcase classname="tests.unit.measurement_set._utils._msv2.test_partition_queries" name="test_create_partitions_ms_min_with_antenna1" time="0.065" /><testcase classname="tests.unit.measurement_set._utils._msv2.test_partition_queries" name="test_create_partitions_ms_min_with_state_id" time="0.022" /><testcase classname="tests.unit.measurement_set._utils._msv2.test_partition_queries" name="test_create_partitions_ms_min_with_all" time="0.083" /><testcase classname="tests.unit.measurement_set._utils._msv2.test_partition_queries" name="test_create_partitions_ms_min_with_other" time="0.008" /><testcase classname="tests.unit.measurement_set._utils._msv2.test_subtables" name="test_subtables_subt_rename_ids" time="0.000" /><testcase classname="tests.unit.measurement_set._utils._utils.test_interpolate" name="test_interpolate_to_time_bogus" time="0.005" /><testcase classname="tests.unit.measurement_set._utils._utils.test_interpolate" name="test_interpolate_to_time_main" time="0.022" /><testcase classname="tests.unit.measurement_set._utils._utils.test_stokes_types" name="test_stokes_types" time="0.001" /><testcase classname="tests.unit.measurement_set._utils._zarr.test_encoding" name="test_add_encoding_wo_chunks" time="0.001" /><testcase classname="tests.unit.measurement_set._utils._zarr.test_encoding" name="test_add_encoding_with_wrong_chunks" time="0.001" /><testcase classname="tests.unit.measurement_set._utils._zarr.test_encoding" name="test_add_encoding_with_chunks" time="0.001" /><testcase classname="tests.unit.measurement_set.test_convert_msv2_to_processing_set" name="test_estimate_conversion_memory_and_cores_minimal[ms_minimal_required-partition_scheme0-expected_estimation0]" time="0.033" /><testcase classname="tests.unit.measurement_set.test_convert_msv2_to_processing_set" name="test_estimate_conversion_memory_and_cores_minimal[ms_minimal_required-partition_scheme1-expected_estimation1]" time="0.033" /><testcase classname="tests.unit.measurement_set.test_convert_msv2_to_processing_set" name="test_estimate_conversion_memory_and_cores_minimal[ms_minimal_required-partition_scheme2-expected_estimation2]" time="0.035" /><testcase classname="tests.unit.measurement_set.test_convert_msv2_to_processing_set" name="test_estimate_conversion_memory_and_cores_with_errors[inexistent_foo_path_.mms-expected_error0]" time="0.001" /><testcase classname="tests.unit.measurement_set.test_convert_msv2_to_processing_set" name="test_convert_msv2_to_processing_set_with_other_opts" time="1.254" /><testcase classname="tests.unit.measurement_set.test_load_processing_set.TestLoadProcessingSet" name="test_check_datatree[Antennae_North.cal.lsrk.split.ms]" time="2.535" /><testcase classname="tests.unit.measurement_set.test_load_processing_set.TestLoadProcessingSet" name="test_basic_load[Antennae_North.cal.lsrk.split.ms]" time="2.347" /><testcase classname="tests.unit.measurement_set.test_load_processing_set.TestLoadProcessingSet" name="test_selective_loading[Antennae_North.cal.lsrk.split.ms]" time="2.511" /><testcase classname="tests.unit.measurement_set.test_load_processing_set.TestLoadProcessingSet" name="test_data_group_selection[Antennae_North.cal.lsrk.split.ms]" time="2.521" /><testcase classname="tests.unit.measurement_set.test_load_processing_set.TestLoadProcessingSet" name="test_variable_selection[Antennae_North.cal.lsrk.split.ms]" time="2.585" /><testcase classname="tests.unit.measurement_set.test_load_processing_set.TestLoadProcessingSet" name="test_sub_datasets[Antennae_North.cal.lsrk.split.ms]" time="2.506" /><testcase classname="tests.unit.measurement_set.test_load_processing_set.TestProcessingSetIterator" name="test_iterator_with_store[Antennae_North.cal.lsrk.split.ms]" time="2.453" /><testcase classname="tests.unit.measurement_set.test_load_processing_set.TestProcessingSetIterator" name="test_iterator_with_memory[Antennae_North.cal.lsrk.split.ms]" time="2.637" /><testcase classname="tests.unit.measurement_set.test_load_processing_set.TestProcessingSetIterator" name="test_iterator_with_data_groups[Antennae_North.cal.lsrk.split.ms]" time="2.479" /><testcase classname="tests.unit.measurement_set.test_measurement_set_xdt" name="test_sel_invalid" time="0.001" /><testcase classname="tests.unit.measurement_set.test_measurement_set_xdt" name="test_get_field_and_source_xds_invalid" time="0.001" /><testcase classname="tests.unit.measurement_set.test_measurement_set_xdt" name="test_get_partition_info" time="0.001" /><testcase classname="tests.unit.measurement_set.test_measurement_set_xdt" name="test_add_data_group_with_defaults" time="0.015" /><testcase classname="tests.unit.measurement_set.test_measurement_set_xdt" name="test_add_data_group_with_values" time="0.015" /><testcase classname="tests.unit.measurement_set.test_measurement_set_xdt" name="test_get_field_and_source_xds" time="0.002" /><testcase classname="tests.unit.measurement_set.test_measurement_set_xdt" name="test_get_field_and_source_xds_with_group" time="0.002" /><testcase classname="tests.unit.measurement_set.test_measurement_set_xdt" name="test_get_partition_info_default" time="0.003" /><testcase classname="tests.unit.measurement_set.test_measurement_set_xdt" name="test_get_partition_info_with_group_wrong" time="0.001" /><testcase classname="tests.unit.measurement_set.test_measurement_set_xdt" name="test_get_partition_info_with_group" time="0.002" /><testcase classname="tests.unit.measurement_set.test_measurement_set_xdt" name="test_sel_with_data_group_missing" time="0.001" /><testcase classname="tests.unit.measurement_set.test_measurement_set_xdt" name="test_sel_with_data_group" time="0.008" /><testcase classname="tests.unit.measurement_set.test_measurement_set_xdt" name="test_sel_polarization" time="0.022" /><testcase classname="tests.unit.measurement_set.test_processing_set_xdt.TestProcessingSetXdtErrors" name="test_summary_empty" time="0.001" /><testcase classname="tests.unit.measurement_set.test_processing_set_xdt.TestProcessingSetXdtErrors" name="test_get_max_dims_empty" time="0.001" /><testcase classname="tests.unit.measurement_set.test_processing_set_xdt.TestProcessingSetXdtErrors" name="test_get_freq_axis_empty" time="0.001" /><testcase classname="tests.unit.measurement_set.test_processing_set_xdt.TestProcessingSetXdtErrors" name="test_query_empty" time="0.001" /><testcase classname="tests.unit.measurement_set.test_processing_set_xdt.TestProcessingSetXdtErrors" name="test_get_combined_antenna" time="0.001" /><testcase classname="tests.unit.measurement_set.test_processing_set_xdt.TestProcessingSetXdtErrors" name="test_get_combined_field_and_source_xds_empty" time="0.001" /><testcase classname="tests.unit.measurement_set.test_processing_set_xdt.TestProcessingSetXdtErrors" name="test_get_combined_field_and_source_xds_ephemeris_empty" time="0.001" /><testcase classname="tests.unit.measurement_set.test_processing_set_xdt.TestProcessingSetXdtErrors" name="test_plot_phase_centers_empty" time="0.001" /><testcase classname="tests.unit.measurement_set.test_processing_set_xdt.TestProcessingSetXdtErrors" name="test_plot_antenna_positions" time="0.001" /><testcase classname="tests.unit.measurement_set.test_processing_set_xdt.TestProcessingSetXdtWithData" name="test_summary[Antennae_North.cal.lsrk.split.ms]" time="2.421" /><testcase classname="tests.unit.measurement_set.test_processing_set_xdt.TestProcessingSetXdtWithData" name="test_get_max_dims[Antennae_North.cal.lsrk.split.ms]" time="2.514" /><testcase classname="tests.unit.measurement_set.test_processing_set_xdt.TestProcessingSetXdtWithData" name="test_get_freq_axis[Antennae_North.cal.lsrk.split.ms]" time="2.434" /><testcase classname="tests.unit.measurement_set.test_processing_set_xdt.TestProcessingSetXdtWithData" name="test_query[Antennae_North.cal.lsrk.split.ms]" time="2.425" /><testcase classname="tests.unit.measurement_set.test_processing_set_xdt.TestProcessingSetXdtWithData" name="test_get_combined_field_and_source_xds[Antennae_North.cal.lsrk.split.ms]" time="2.435" /><testcase classname="tests.unit.measurement_set.test_processing_set_xdt.TestProcessingSetXdtWithEphemerisData" name="test_check_ephemeris_datatree[ALMA_uid___A002_X1003af4_X75a3.split.avg.ms]" time="13.105" /><testcase classname="tests.unit.measurement_set.test_processing_set_xdt.TestProcessingSetXdtWithEphemerisData" name="test_get_combined_field_and_source_xds_ephemeris[ALMA_uid___A002_X1003af4_X75a3.split.avg.ms]" time="13.316" /><testcase classname="tests.unit.measurement_set.test_processing_set_xdt.TestProcessingSetXdtWithEphemerisData" name="test_field_offset_calculation[ALMA_uid___A002_X1003af4_X75a3.split.avg.ms]" time="13.029" /><testcase classname="tests.unit.measurement_set.test_processing_set_xdt.TestProcessingSetXdtWithEphemerisData" name="test_time_interpolation[ALMA_uid___A002_X1003af4_X75a3.split.avg.ms]" time="13.009" /><testcase classname="tests.unit.measurement_set.test_processing_set_xdt.TestFunctionsAfterPreviousCalls" name="test_query_after_query_corrected[processing_set_from_custom_ms0]" time="0.613" /><testcase classname="tests.unit.measurement_set.test_processing_set_xdt.TestFunctionsAfterPreviousCalls" name="test_repeated_get_max_dims[processing_set_from_custom_ms0]" time="0.064" /><testcase classname="tests.unit.measurement_set.test_processing_set_xdt.TestFunctionsAfterPreviousCalls" name="test_repeated_get_freq_axis[processing_set_from_custom_ms0]" time="0.112" /></testsuite></testsuites>